2022-06-20 11:06:674 INFO  LoggerHelper:22 - Log is sucessfully configured...!!!
2022-06-20 11:06:680 INFO  LoggerHelper:23 - Log is sucessfully configured...!!!
2022-06-20 11:06:683 INFO  LoggerHelper:24 - Log is sucessfully configured...!!!
2022-06-20 11:06:127 INFO  LoggerHelper:22 - Log is sucessfully configured...!!!
2022-06-20 11:06:133 INFO  LoggerHelper:23 - Log is sucessfully configured...!!!
2022-06-20 11:06:135 INFO  LoggerHelper:24 - Log is sucessfully configured...!!!
2022-07-25 19:07:19 INFO  AssertionHelper:16 - making script pass..!!
2022-07-25 19:07:291 INFO  AssertionHelper:26 - making script fail..!!
2022-07-25 19:07:632 INFO  AssertionHelper:16 - making script pass..!!
2022-07-25 19:07:20 INFO  AssertionHelper:26 - making script fail..!!
2022-07-25 19:07:834 INFO  AssertionHelper:16 - making script pass..!!
2022-07-25 19:07:222 INFO  AssertionHelper:26 - making script fail..!!
2022-07-25 19:07:611 INFO  AssertionHelper:16 - making script pass..!!
2022-07-25 19:07:815 INFO  AssertionHelper:26 - making script fail..!!
2022-07-25 20:07:473 INFO  AssertionHelper:16 - making script pass..!!
2022-07-25 20:07:794 INFO  AssertionHelper:26 - making script fail..!!
2022-07-25 20:07:156 INFO  AssertionHelper:16 - making script pass..!!
2022-07-25 20:07:328 INFO  AssertionHelper:26 - making script fail..!!
2022-07-25 20:07:648 INFO  AssertionHelper:16 - making script pass..!!
2022-07-25 20:07:23 INFO  AssertionHelper:26 - making script fail..!!
2022-07-25 20:07:374 INFO  AssertionHelper:16 - making script pass..!!
2022-07-25 20:07:661 INFO  AssertionHelper:26 - making script fail..!!
2022-07-25 21:07:170 INFO  AssertionHelper:16 - making script pass..!!
2022-07-25 21:07:414 INFO  AssertionHelper:26 - making script fail..!!
2022-07-25 21:07:604 INFO  AssertionHelper:16 - making script pass..!!
2022-07-25 21:07:792 INFO  AssertionHelper:26 - making script fail..!!
2022-07-25 21:07:953 INFO  AssertionHelper:16 - making script pass..!!
2022-07-25 21:07:203 INFO  AssertionHelper:26 - making script fail..!!
2022-07-25 21:07:393 INFO  AssertionHelper:16 - making script pass..!!
2022-07-25 21:07:571 INFO  AssertionHelper:26 - making script fail..!!
2022-07-25 21:07:70 INFO  AssertionHelper:16 - making script pass..!!
2022-07-25 21:07:904 INFO  AssertionHelper:26 - making script fail..!!
2022-07-25 21:07:144 INFO  AssertionHelper:16 - making script pass..!!
2022-07-25 21:07:360 INFO  AssertionHelper:26 - making script fail..!!
2022-07-25 21:07:508 INFO  AssertionHelper:16 - making script pass..!!
2022-07-25 21:07:690 INFO  AssertionHelper:26 - making script fail..!!
2022-07-25 21:07:99 INFO  AssertionHelper:16 - making script pass..!!
2022-07-25 21:07:422 INFO  AssertionHelper:26 - making script fail..!!
2022-08-24 21:08:947 INFO  TestBase:108 - Cannot cast helper.BrowserType to helper.ChromeBrowser
2022-08-24 22:08:926 INFO  TestBase:115 - Initilize the driver  1750563752
2022-08-24 22:08:938 INFO  WaitHelper:28 - Implicit wait has been set to  :-30
2022-08-24 22:08:128 INFO  WaitHelper:113 - waiting for page to load for : SECONDS seconds
2022-08-24 22:08:137 INFO  WaitHelper:115 - page is loaded
2022-08-24 22:08:753 INFO  TestBase:112 - Initilize the driver  1596997325
2022-08-24 22:08:767 INFO  WaitHelper:28 - Implicit wait has been set to  :-30
2022-08-24 22:08:787 INFO  WaitHelper:113 - waiting for page to load for : SECONDS seconds
2022-08-24 22:08:794 INFO  WaitHelper:115 - page is loaded
2022-08-25 08:08:755 INFO  TestBase:113 - Initilize the driver  922547904
2022-08-25 08:08:838 INFO  WaitHelper:28 - Implicit wait has been set to  :-30
2022-08-25 08:08:866 INFO  WaitHelper:113 - waiting for page to load for : SECONDS seconds
2022-08-25 08:08:891 INFO  WaitHelper:115 - page is loaded
2022-08-25 08:08:852 INFO  TestBase:113 - Initilize the driver  1596997325
2022-08-25 08:08:976 INFO  WaitHelper:28 - Implicit wait has been set to  :-30
2022-08-25 08:08:06 INFO  WaitHelper:113 - waiting for page to load for : SECONDS seconds
2022-08-25 08:08:55 INFO  WaitHelper:115 - page is loaded
2022-08-25 08:08:738 INFO  TestBase:113 - Initilize the driver  1596997325
2022-08-25 08:08:766 INFO  WaitHelper:28 - Implicit wait has been set to  :-30
2022-08-25 08:08:817 INFO  WaitHelper:113 - waiting for page to load for : SECONDS seconds
2022-08-25 08:08:825 INFO  WaitHelper:115 - page is loaded
2022-08-25 08:08:399 INFO  TestBase:113 - Initilize the driver  1596997325
2022-08-25 08:08:444 INFO  WaitHelper:28 - Implicit wait has been set to  :-30
2022-08-25 08:08:484 INFO  WaitHelper:113 - waiting for page to load for : SECONDS seconds
2022-08-25 08:08:533 INFO  WaitHelper:115 - page is loaded
2022-08-25 08:08:354 INFO  TestBase:113 - Initilize the driver  1596997325
2022-08-25 08:08:373 INFO  WaitHelper:28 - Implicit wait has been set to  :-30
2022-08-25 08:08:407 INFO  WaitHelper:113 - waiting for page to load for : SECONDS seconds
2022-08-25 08:08:429 INFO  WaitHelper:115 - page is loaded
2022-08-28 14:08:812 INFO  TestBase:113 - Initilize the driver  914039525
2022-08-28 14:08:851 INFO  WaitHelper:28 - Implicit wait has been set to  :-30
2022-08-28 14:08:884 INFO  WaitHelper:113 - waiting for page to load for : SECONDS seconds
2022-08-28 14:08:896 INFO  WaitHelper:115 - page is loaded
2022-11-22 05:11:780 INFO  TestBase:113 - Initilize the driver  1550080835
2022-11-22 05:11:841 INFO  WaitHelper:28 - Implicit wait has been set to  :-30
2022-11-22 05:11:950 INFO  WaitHelper:113 - waiting for page to load for : SECONDS seconds
2022-11-22 05:11:30 INFO  WaitHelper:115 - page is loaded
2022-11-22 05:11:956 INFO  AssertionHelper:16 - making script pass..!!
2022-11-22 05:11:52 INFO  AssertionHelper:26 - making script fail..!!
2022-11-22 05:11:456 INFO  AssertionHelper:16 - making script pass..!!
2022-11-22 05:11:660 INFO  AssertionHelper:26 - making script fail..!!
2023-03-15 17:03:972 INFO  TestBase:114 - Initilize the driver  1845297077
2023-03-15 17:03:986 INFO  WaitHelper:25 - waithelper object is creted...
2023-03-15 17:03:987 INFO  WaitHelper:29 - Implicit wait has been set to  :-30
2023-03-15 17:03:238 INFO  WaitHelper:114 - waiting for page to load for : SECONDS seconds
2023-03-15 17:03:248 INFO  WaitHelper:116 - page is loaded
2023-03-15 17:03:776 INFO  WaitHelper:25 - waithelper object is creted...
2023-03-15 17:03:841 INFO  WaitHelper:126 - waiting for :[[ChromeDriver: chrome on WINDOWS (247ba1b0455c099b52ce475a40c109d8)] -> xpath: //input[@id='btnlogin']] for :30 seconds
2023-03-15 17:03:195 INFO  WaitHelper:129 - element is visible now
2023-03-15 17:03:197 INFO  TestBase:146 - capturing ui navigation screen
2023-03-15 17:03:759 INFO  LoginPage:47 - entering email address....
2023-03-15 17:03:322 INFO  LoginPage:53 - entering email password....
2023-03-15 17:03:703 INFO  LoginPage:60 - clicking on submit button....
2023-03-15 17:03:692 INFO  LoginPage:67 - Suceessfully logged in to application
2023-03-15 17:03:55 INFO  VerificationHelper:22 - Element is displayed...ALOHA CLOUD
2023-03-16 06:03:249 INFO  TestBase:114 - Initilize the driver  1898996968
2023-03-16 06:03:365 INFO  WaitHelper:25 - waithelper object is creted...
2023-03-16 06:03:366 INFO  WaitHelper:29 - Implicit wait has been set to  :-30
2023-03-16 06:03:453 INFO  WaitHelper:114 - waiting for page to load for : SECONDS seconds
2023-03-16 06:03:470 INFO  WaitHelper:116 - page is loaded
2023-03-16 06:03:414 INFO  WaitHelper:25 - waithelper object is creted...
2023-03-16 06:03:513 INFO  WaitHelper:126 - waiting for :Proxy element for: DefaultElementLocator 'By.xpath: //input[@id='btnlogin']' for :30 seconds
2023-03-16 06:03:897 INFO  TestBase:114 - Initilize the driver  638525764
2023-03-16 06:03:906 INFO  WaitHelper:25 - waithelper object is creted...
2023-03-16 06:03:907 INFO  WaitHelper:29 - Implicit wait has been set to  :-30
2023-03-16 06:03:939 INFO  WaitHelper:114 - waiting for page to load for : SECONDS seconds
2023-03-16 06:03:950 INFO  WaitHelper:116 - page is loaded
2023-03-16 06:03:375 INFO  WaitHelper:25 - waithelper object is creted...
2023-03-16 06:03:88 INFO  TestBase:114 - Initilize the driver  638525764
2023-03-16 06:03:99 INFO  WaitHelper:25 - waithelper object is creted...
2023-03-16 06:03:100 INFO  WaitHelper:29 - Implicit wait has been set to  :-30
2023-03-16 06:03:320 INFO  WaitHelper:114 - waiting for page to load for : SECONDS seconds
2023-03-16 06:03:362 INFO  WaitHelper:116 - page is loaded
2023-03-16 06:03:200 INFO  WaitHelper:25 - waithelper object is creted...
2023-03-16 06:03:332 INFO  WaitHelper:126 - waiting for :[[ChromeDriver: chrome on WINDOWS (f8a0e1d86dca8fa1830f08772108ab8d)] -> xpath: //input[@id='btnlogin']] for :30 seconds
2023-03-16 06:03:445 INFO  WaitHelper:129 - element is visible now
2023-03-16 06:03:445 INFO  TestBase:146 - capturing ui navigation screen
2023-03-16 06:03:805 INFO  LoginPage:47 - entering email address....
2023-03-16 06:03:143 INFO  LoginPage:53 - entering email password....
2023-03-16 06:03:547 INFO  LoginPage:60 - clicking on submit button....
2023-03-16 06:03:184 INFO  TestBase:114 - Initilize the driver  638525764
2023-03-16 06:03:221 INFO  WaitHelper:25 - waithelper object is creted...
2023-03-16 06:03:223 INFO  WaitHelper:29 - Implicit wait has been set to  :-30
2023-03-16 06:03:252 INFO  WaitHelper:114 - waiting for page to load for : SECONDS seconds
2023-03-16 06:03:266 INFO  WaitHelper:116 - page is loaded
2023-03-16 06:03:447 INFO  WaitHelper:25 - waithelper object is creted...
2023-03-16 06:03:582 INFO  WaitHelper:126 - waiting for :[[ChromeDriver: chrome on WINDOWS (1346b24810bbce13bd53d8e4902a7bbe)] -> xpath: //input[@id='btnlogin']] for :30 seconds
2023-03-16 06:03:714 INFO  WaitHelper:129 - element is visible now
2023-03-16 06:03:715 INFO  TestBase:146 - capturing ui navigation screen
2023-03-16 06:03:106 INFO  LoginPage:47 - entering email address....
2023-03-16 06:03:444 INFO  LoginPage:53 - entering email password....
2023-03-16 06:03:817 INFO  LoginPage:60 - clicking on submit button....
2023-03-16 06:03:326 INFO  HomePage:45 - clicked on cloud agent button
2023-03-16 06:03:875 INFO  HomePage:51 - clicked on Download Now button
2023-03-16 06:03:632 INFO  HomePage:57 - clicked on UserName drpdown
2023-03-16 06:03:773 INFO  HomePage:63 - clicked on Logout link
2023-03-16 06:03:780 INFO  WaitHelper:25 - waithelper object is creted...
2023-03-16 06:03:73 INFO  WaitHelper:126 - waiting for :[[ChromeDriver: chrome on WINDOWS (1346b24810bbce13bd53d8e4902a7bbe)] -> xpath: //input[@id='btnlogin']] for :30 seconds
2023-03-16 06:03:181 INFO  WaitHelper:129 - element is visible now
2023-03-16 06:03:181 INFO  TestBase:146 - capturing ui navigation screen
2023-03-16 06:03:592 INFO  VerificationHelper:57 - Page title is...Deep Freeze Cloud
2023-03-16 06:03:594 INFO  AssertionHelper:26 - making script fail..!!
2023-03-16 07:03:117 INFO  TestBase:114 - Initilize the driver  638525764
2023-03-16 07:03:174 INFO  WaitHelper:25 - waithelper object is creted...
2023-03-16 07:03:175 INFO  WaitHelper:29 - Implicit wait has been set to  :-30
2023-03-16 07:03:215 INFO  WaitHelper:114 - waiting for page to load for : SECONDS seconds
2023-03-16 07:03:228 INFO  WaitHelper:116 - page is loaded
2023-03-16 07:03:975 INFO  WaitHelper:25 - waithelper object is creted...
2023-03-16 07:03:89 INFO  WaitHelper:126 - waiting for :[[ChromeDriver: chrome on WINDOWS (c6155f626630c1818221c5d8f405a33c)] -> xpath: //input[@id='btnlogin']] for :30 seconds
2023-03-16 07:03:306 INFO  WaitHelper:129 - element is visible now
2023-03-16 07:03:307 INFO  TestBase:146 - capturing ui navigation screen
2023-03-16 07:03:680 INFO  LoginPage:47 - entering email address....
2023-03-16 07:03:25 INFO  LoginPage:53 - entering email password....
2023-03-16 07:03:354 INFO  LoginPage:60 - clicking on submit button....
2023-03-16 07:03:709 INFO  HomePage:45 - clicked on cloud agent button
2023-03-16 07:03:235 INFO  HomePage:51 - clicked on Download Now button
2023-03-16 07:03:156 INFO  HomePage:57 - clicked on UserName drpdown
2023-03-16 07:03:55 INFO  HomePage:63 - clicked on Logout link
2023-03-16 07:03:65 INFO  WaitHelper:25 - waithelper object is creted...
2023-03-16 07:03:486 INFO  WaitHelper:126 - waiting for :[[ChromeDriver: chrome on WINDOWS (c6155f626630c1818221c5d8f405a33c)] -> xpath: //input[@id='btnlogin']] for :30 seconds
2023-03-16 07:03:688 INFO  WaitHelper:129 - element is visible now
2023-03-16 07:03:689 INFO  TestBase:146 - capturing ui navigation screen
2023-03-31 16:03:223 INFO  TestBase:114 - Initilize the driver  165137662
2023-03-31 16:03:510 INFO  WaitHelper:25 - waithelper object is creted...
2023-03-31 16:03:511 INFO  WaitHelper:29 - Implicit wait has been set to  :-30
2023-03-31 16:03:560 INFO  WaitHelper:114 - waiting for page to load for : SECONDS seconds
2023-03-31 16:03:567 INFO  WaitHelper:116 - page is loaded
2023-03-31 16:03:50 INFO  TestBase:114 - Initilize the driver  638525764
2023-03-31 16:03:72 INFO  WaitHelper:25 - waithelper object is creted...
2023-03-31 16:03:73 INFO  WaitHelper:29 - Implicit wait has been set to  :-30
2023-03-31 16:03:154 INFO  WaitHelper:114 - waiting for page to load for : SECONDS seconds
2023-03-31 16:03:171 INFO  WaitHelper:116 - page is loaded
2023-03-31 16:03:198 INFO  WaitHelper:25 - waithelper object is creted...
2023-03-31 16:03:317 INFO  WaitHelper:126 - waiting for :[[ChromeDriver: chrome on WINDOWS (84bf71706df898abdacaaa1d2546ae15)] -> xpath: //input[@id='btnlogin']] for :30 seconds
2023-03-31 16:03:601 INFO  WaitHelper:129 - element is visible now
2023-03-31 16:03:602 INFO  TestBase:146 - capturing ui navigation screen
2023-03-31 16:03:945 INFO  LoginPage:47 - entering email address....
2023-03-31 16:03:287 INFO  LoginPage:53 - entering email password....
2023-03-31 16:03:570 INFO  LoginPage:60 - clicking on submit button....
2023-03-31 16:03:304 INFO  WaitHelper:25 - waithelper object is creted...
2023-03-31 16:03:372 INFO  WaitHelper:126 - waiting for :[[ChromeDriver: chrome on WINDOWS (84bf71706df898abdacaaa1d2546ae15)] -> xpath: //div[@class='icon-home active']] for :30 seconds
2023-03-31 16:03:571 INFO  WaitHelper:129 - element is visible now
2023-03-31 16:03:572 INFO  TestBase:146 - capturing ui navigation screen
2023-03-31 16:03:932 INFO  HomePageNavigationMenu:71 - Clicking on ....COMPUTERSmenu
2023-04-01 06:04:351 INFO  TestBase:114 - Initilize the driver  1898996968
2023-04-01 06:04:423 INFO  WaitHelper:25 - waithelper object is creted...
2023-04-01 06:04:424 INFO  WaitHelper:29 - Implicit wait has been set to  :-30
2023-04-01 06:04:484 INFO  WaitHelper:114 - waiting for page to load for : SECONDS seconds
2023-04-01 06:04:496 INFO  WaitHelper:116 - page is loaded
2023-04-01 06:04:119 INFO  WaitHelper:25 - waithelper object is creted...
2023-04-01 06:04:202 INFO  WaitHelper:126 - waiting for :[[ChromeDriver: chrome on WINDOWS (cc8511c7fdae6353cfcb9363ab1f1dd3)] -> xpath: //input[@id='btnlogin']] for :30 seconds
2023-04-01 06:04:569 INFO  WaitHelper:129 - element is visible now
2023-04-01 06:04:570 INFO  TestBase:146 - capturing ui navigation screen
2023-04-01 06:04:944 INFO  LoginPage:47 - entering email address....
2023-04-01 06:04:288 INFO  LoginPage:53 - entering email password....
2023-04-01 06:04:641 INFO  LoginPage:60 - clicking on submit button....
2023-04-01 06:04:185 INFO  TestBase:114 - Initilize the driver  638525764
2023-04-01 06:04:247 INFO  WaitHelper:25 - waithelper object is creted...
2023-04-01 06:04:248 INFO  WaitHelper:29 - Implicit wait has been set to  :-30
2023-04-01 06:04:292 INFO  WaitHelper:114 - waiting for page to load for : SECONDS seconds
2023-04-01 06:04:302 INFO  WaitHelper:116 - page is loaded
2023-04-01 06:04:161 INFO  WaitHelper:25 - waithelper object is creted...
2023-04-01 06:04:351 INFO  WaitHelper:126 - waiting for :[[ChromeDriver: chrome on WINDOWS (97b8020fc679533e0bb38dcc97e4e8c5)] -> xpath: //input[@id='btnlogin']] for :30 seconds
2023-04-01 06:04:549 INFO  WaitHelper:129 - element is visible now
2023-04-01 06:04:551 INFO  TestBase:146 - capturing ui navigation screen
2023-04-01 06:04:941 INFO  LoginPage:47 - entering email address....
2023-04-01 06:04:299 INFO  LoginPage:53 - entering email password....
2023-04-01 06:04:572 INFO  LoginPage:60 - clicking on submit button....
2023-04-01 06:04:741 INFO  TestBase:114 - Initilize the driver  638525764
2023-04-01 06:04:757 INFO  WaitHelper:25 - waithelper object is creted...
2023-04-01 06:04:758 INFO  WaitHelper:29 - Implicit wait has been set to  :-30
2023-04-01 06:04:834 INFO  WaitHelper:114 - waiting for page to load for : SECONDS seconds
2023-04-01 06:04:883 INFO  WaitHelper:116 - page is loaded
2023-04-01 06:04:790 INFO  WaitHelper:25 - waithelper object is creted...
2023-04-01 06:04:973 INFO  WaitHelper:126 - waiting for :[[ChromeDriver: chrome on WINDOWS (6fa6877f81344c56cac5ffcc2169b2f9)] -> xpath: //input[@id='btnlogin']] for :30 seconds
2023-04-01 06:04:235 INFO  WaitHelper:129 - element is visible now
2023-04-01 06:04:236 INFO  TestBase:146 - capturing ui navigation screen
2023-04-01 06:04:625 INFO  LoginPage:47 - entering email address....
2023-04-01 06:04:974 INFO  LoginPage:53 - entering email password....
2023-04-01 06:04:350 INFO  LoginPage:60 - clicking on submit button....
2023-04-01 06:04:376 INFO  ComputersPage:51 - Clicked on Computer Menu...
2023-04-01 06:04:609 INFO  ComputersPage:58 - Select All check box is checked...
2023-04-01 11:04:120 INFO  TestBase:114 - Initilize the driver  1898996968
2023-04-01 11:04:148 INFO  WaitHelper:25 - waithelper object is creted...
2023-04-01 11:04:149 INFO  WaitHelper:29 - Implicit wait has been set to  :-30
2023-04-01 11:04:221 INFO  WaitHelper:114 - waiting for page to load for : SECONDS seconds
2023-04-01 11:04:238 INFO  WaitHelper:116 - page is loaded
2023-04-01 11:04:45 INFO  WaitHelper:25 - waithelper object is creted...
2023-04-01 11:04:128 INFO  WaitHelper:126 - waiting for :[[ChromeDriver: chrome on WINDOWS (a26b1724214821a4286e2ddc5b7f9c97)] -> xpath: //input[@id='btnlogin']] for :30 seconds
2023-04-01 11:04:445 INFO  WaitHelper:129 - element is visible now
2023-04-01 11:04:447 INFO  TestBase:146 - capturing ui navigation screen
2023-04-01 11:04:101 INFO  LoginPage:47 - entering email address....
2023-04-01 11:04:495 INFO  LoginPage:53 - entering email password....
2023-04-01 11:04:856 INFO  LoginPage:60 - clicking on submit button....
2023-04-01 11:04:288 INFO  ComputersPage:56 - Clicked on Computer Menu...
2023-04-01 11:04:501 INFO  ComputersPage:63 - Select All check box is checked...
2023-04-01 11:04:69 INFO  ComputersPage:76 - clicked on send Message option..
2023-04-01 11:04:256 INFO  TestBase:114 - Initilize the driver  638525764
2023-04-01 11:04:265 INFO  WaitHelper:25 - waithelper object is creted...
2023-04-01 11:04:266 INFO  WaitHelper:29 - Implicit wait has been set to  :-30
2023-04-01 11:04:312 INFO  WaitHelper:114 - waiting for page to load for : SECONDS seconds
2023-04-01 11:04:320 INFO  WaitHelper:116 - page is loaded
2023-04-01 11:04:813 INFO  WaitHelper:25 - waithelper object is creted...
2023-04-01 11:04:897 INFO  WaitHelper:126 - waiting for :[[ChromeDriver: chrome on WINDOWS (5bb9669621f58d1c6086a0eb25bff1ce)] -> xpath: //input[@id='btnlogin']] for :30 seconds
2023-04-01 11:04:150 INFO  WaitHelper:129 - element is visible now
2023-04-01 11:04:152 INFO  TestBase:146 - capturing ui navigation screen
2023-04-01 11:04:934 INFO  LoginPage:47 - entering email address....
2023-04-01 11:04:380 INFO  LoginPage:53 - entering email password....
2023-04-01 11:04:735 INFO  LoginPage:60 - clicking on submit button....
2023-04-01 11:04:551 INFO  ComputersPage:59 - Clicked on Computer Menu...
2023-04-01 11:04:759 INFO  ComputersPage:66 - Select All check box is checked...
2023-04-01 11:04:833 INFO  ComputersPage:71 - doing mouse over on.... Maintenance
2023-04-01 11:04:332 INFO  ComputersPage:79 - clicked on send Message option..
2023-04-01 11:04:571 INFO  ComputersPage:85 - clicked on send Message close icon..
2023-04-01 11:04:694 INFO  TestBase:114 - Initilize the driver  638525764
2023-04-01 11:04:703 INFO  WaitHelper:25 - waithelper object is creted...
2023-04-01 11:04:704 INFO  WaitHelper:29 - Implicit wait has been set to  :-30
2023-04-01 11:04:769 INFO  WaitHelper:114 - waiting for page to load for : SECONDS seconds
2023-04-01 11:04:804 INFO  WaitHelper:116 - page is loaded
2023-04-01 11:04:695 INFO  WaitHelper:25 - waithelper object is creted...
2023-04-01 11:04:816 INFO  WaitHelper:126 - waiting for :[[ChromeDriver: chrome on WINDOWS (d791acc894b355bd0123261be485e0a7)] -> xpath: //input[@id='btnlogin']] for :30 seconds
2023-04-01 11:04:100 INFO  WaitHelper:129 - element is visible now
2023-04-01 11:04:101 INFO  TestBase:146 - capturing ui navigation screen
2023-04-01 11:04:463 INFO  LoginPage:47 - entering email address....
2023-04-01 11:04:815 INFO  LoginPage:53 - entering email password....
2023-04-01 11:04:114 INFO  LoginPage:60 - clicking on submit button....
2023-04-01 11:04:104 INFO  ComputersPage:59 - Clicked on Computer Menu...
2023-04-01 11:04:336 INFO  ComputersPage:66 - Select All check box is checked...
2023-04-01 11:04:427 INFO  ComputersPage:71 - doing mouse over on.... Maintenance
2023-04-01 11:04:97 INFO  ComputersPage:79 - clicked on send Message option..
2023-04-01 11:04:536 INFO  ComputersPage:85 - clicked on send Message close icon..
2023-04-01 11:04:740 INFO  ComputersPage:91 - clicked on UserName drpdown
2023-04-01 11:04:616 INFO  ComputersPage:97 - clicked on Logout link
2023-04-01 11:04:618 INFO  WaitHelper:25 - waithelper object is creted...
2023-04-01 11:04:505 INFO  WaitHelper:126 - waiting for :[[ChromeDriver: chrome on WINDOWS (d791acc894b355bd0123261be485e0a7)] -> xpath: //input[@id='btnlogin']] for :30 seconds
2023-04-01 11:04:684 INFO  WaitHelper:129 - element is visible now
2023-04-01 11:04:685 INFO  TestBase:146 - capturing ui navigation screen
2023-04-01 15:04:751 INFO  TestBase:114 - Initilize the driver  820422499
2023-04-01 15:04:851 INFO  WaitHelper:25 - waithelper object is creted...
2023-04-01 15:04:852 INFO  WaitHelper:29 - Implicit wait has been set to  :-30
2023-04-01 15:04:919 INFO  WaitHelper:114 - waiting for page to load for : SECONDS seconds
2023-04-01 15:04:949 INFO  WaitHelper:116 - page is loaded
2023-04-01 15:04:250 INFO  WaitHelper:25 - waithelper object is creted...
2023-04-01 15:04:335 INFO  WaitHelper:126 - waiting for :[[ChromeDriver: chrome on WINDOWS (a495fe666c4619c27f0bbe288c19df3a)] -> xpath: //input[@id='btnlogin']] for :30 seconds
2023-04-01 15:04:457 INFO  WaitHelper:129 - element is visible now
2023-04-01 15:04:460 INFO  TestBase:146 - capturing ui navigation screen
2023-04-01 15:04:101 INFO  LoginPage:46 - entering email address....
2023-04-01 15:04:457 INFO  LoginPage:52 - entering email password....
2023-04-01 15:04:757 INFO  LoginPage:59 - clicking on submit button....
2023-04-01 15:04:531 INFO  LoginPage:66 - Suceessfully logged in to application
2023-04-01 15:04:47 INFO  VerificationHelper:22 - Element is displayed...ALOHA CLOUD
2023-04-01 15:04:928 INFO  TestBase:114 - Initilize the driver  2050907347
2023-04-01 15:04:929 INFO  WaitHelper:25 - waithelper object is creted...
2023-04-01 15:04:932 INFO  WaitHelper:29 - Implicit wait has been set to  :-30
2023-04-01 15:04:964 INFO  WaitHelper:114 - waiting for page to load for : SECONDS seconds
2023-04-01 15:04:973 INFO  WaitHelper:116 - page is loaded
2023-04-01 15:04:752 INFO  WaitHelper:25 - waithelper object is creted...
2023-04-01 15:04:985 INFO  WaitHelper:126 - waiting for :[[ChromeDriver: chrome on WINDOWS (ecbcfb0d5ef40e455fad346731e49cef)] -> xpath: //input[@id='btnlogin']] for :30 seconds
2023-04-01 15:04:237 INFO  WaitHelper:129 - element is visible now
2023-04-01 15:04:238 INFO  TestBase:146 - capturing ui navigation screen
2023-04-01 15:04:876 INFO  LoginPage:46 - entering email address....
2023-04-01 15:04:305 INFO  LoginPage:52 - entering email password....
2023-04-01 15:04:760 INFO  LoginPage:59 - clicking on submit button....
2023-04-01 15:04:717 INFO  HomePage:45 - clicked on cloud agent button
2023-04-01 15:04:94 INFO  HomePage:51 - clicked on Download Now button
2023-04-01 15:04:622 INFO  TestBase:114 - Initilize the driver  294827406
2023-04-01 15:04:624 INFO  WaitHelper:25 - waithelper object is creted...
2023-04-01 15:04:624 INFO  WaitHelper:29 - Implicit wait has been set to  :-30
2023-04-01 15:04:631 INFO  WaitHelper:114 - waiting for page to load for : SECONDS seconds
2023-04-01 15:04:639 INFO  WaitHelper:116 - page is loaded
2023-04-01 15:04:478 INFO  WaitHelper:25 - waithelper object is creted...
2023-04-01 15:04:603 INFO  WaitHelper:126 - waiting for :[[ChromeDriver: chrome on WINDOWS (c515879f62c1df84066772b777e1e5aa)] -> xpath: //input[@id='btnlogin']] for :30 seconds
2023-04-01 15:04:140 INFO  WaitHelper:129 - element is visible now
2023-04-01 15:04:141 INFO  TestBase:146 - capturing ui navigation screen
2023-04-01 15:04:133 INFO  LoginPage:46 - entering email address....
2023-04-01 15:04:806 INFO  LoginPage:52 - entering email password....
2023-04-01 15:04:143 INFO  LoginPage:59 - clicking on submit button....
2023-04-01 15:04:624 INFO  ComputersPage:59 - Clicked on Computer Menu...
2023-04-01 15:04:276 INFO  ComputersPage:66 - Select All check box is checked...
2023-04-01 15:04:601 INFO  ComputersPage:71 - doing mouse over on.... Maintenance
2023-04-01 15:04:640 INFO  ComputersPage:79 - clicked on send Message option..
2023-04-01 15:04:53 INFO  ComputersPage:85 - clicked on send Message close icon..
2023-04-01 15:04:368 INFO  ComputersPage:91 - clicked on UserName drpdown
2023-04-01 15:04:215 INFO  ComputersPage:97 - clicked on Logout link
2023-04-01 15:04:216 INFO  WaitHelper:25 - waithelper object is creted...
2023-04-01 15:04:17 INFO  WaitHelper:126 - waiting for :[[ChromeDriver: chrome on WINDOWS (c515879f62c1df84066772b777e1e5aa)] -> xpath: //input[@id='btnlogin']] for :30 seconds
2023-04-01 15:04:215 INFO  WaitHelper:129 - element is visible now
2023-04-01 15:04:216 INFO  TestBase:146 - capturing ui navigation screen
2023-04-03 07:04:632 INFO  TestBase:114 - Initilize the driver  1149508419
2023-04-03 07:04:646 INFO  WaitHelper:25 - waithelper object is creted...
2023-04-03 07:04:647 INFO  WaitHelper:29 - Implicit wait has been set to  :-30
2023-04-03 07:04:669 INFO  WaitHelper:114 - waiting for page to load for : SECONDS seconds
2023-04-03 07:04:696 INFO  WaitHelper:116 - page is loaded
2023-04-03 07:04:240 INFO  WaitHelper:25 - waithelper object is creted...
2023-04-03 07:04:532 INFO  WaitHelper:126 - waiting for :[[ChromeDriver: chrome on WINDOWS (05c34619e86c428e93485824f302e4b7)] -> xpath: //input[@id='btnlogin']] for :30 seconds
2023-04-03 07:04:674 INFO  WaitHelper:129 - element is visible now
2023-04-03 07:04:675 INFO  TestBase:146 - capturing ui navigation screen
2023-04-03 07:04:426 INFO  LoginPage:46 - entering email address....
2023-04-03 07:04:815 INFO  LoginPage:52 - entering email password....
2023-04-03 07:04:109 INFO  LoginPage:59 - clicking on submit button....
2023-04-03 07:04:436 INFO  LoginPage:66 - Suceessfully logged in to application
2023-04-03 07:04:55 INFO  VerificationHelper:22 - Element is displayed...ALOHA CLOUD
2023-04-03 07:04:352 INFO  TestBase:114 - Initilize the driver  849063257
2023-04-03 07:04:353 INFO  WaitHelper:25 - waithelper object is creted...
2023-04-03 07:04:356 INFO  WaitHelper:29 - Implicit wait has been set to  :-30
2023-04-03 07:04:368 INFO  WaitHelper:114 - waiting for page to load for : SECONDS seconds
2023-04-03 07:04:385 INFO  WaitHelper:116 - page is loaded
2023-04-03 07:04:336 INFO  WaitHelper:25 - waithelper object is creted...
2023-04-03 07:04:488 INFO  WaitHelper:126 - waiting for :[[ChromeDriver: chrome on WINDOWS (85da92ac13a3b084902448d76795f21a)] -> xpath: //input[@id='btnlogin']] for :30 seconds
2023-04-03 07:04:866 INFO  WaitHelper:129 - element is visible now
2023-04-03 07:04:867 INFO  TestBase:146 - capturing ui navigation screen
2023-04-03 07:04:612 INFO  LoginPage:46 - entering email address....
2023-04-03 07:04:584 INFO  LoginPage:52 - entering email password....
2023-04-03 07:04:986 INFO  LoginPage:59 - clicking on submit button....
2023-04-03 07:04:186 INFO  HomePage:45 - clicked on cloud agent button
2023-04-03 07:04:896 INFO  HomePage:51 - clicked on Download Now button
2023-04-03 07:04:107 INFO  TestBase:114 - Initilize the driver  1874919946
2023-04-03 07:04:108 INFO  WaitHelper:25 - waithelper object is creted...
2023-04-03 07:04:108 INFO  WaitHelper:29 - Implicit wait has been set to  :-30
2023-04-03 07:04:130 INFO  WaitHelper:114 - waiting for page to load for : SECONDS seconds
2023-04-03 07:04:137 INFO  WaitHelper:116 - page is loaded
2023-04-03 07:04:607 INFO  WaitHelper:25 - waithelper object is creted...
2023-04-03 07:04:654 INFO  WaitHelper:126 - waiting for :[[ChromeDriver: chrome on WINDOWS (dcc92eb1bed638cc21fe3d1f4d772718)] -> xpath: //input[@id='btnlogin']] for :30 seconds
2023-04-03 07:04:883 INFO  WaitHelper:129 - element is visible now
2023-04-03 07:04:887 INFO  TestBase:146 - capturing ui navigation screen
2023-04-03 07:04:882 INFO  LoginPage:46 - entering email address....
2023-04-03 07:04:261 INFO  LoginPage:52 - entering email password....
2023-04-03 07:04:585 INFO  LoginPage:59 - clicking on submit button....
2023-04-03 07:04:771 INFO  ComputersPage:59 - Clicked on Computer Menu...
2023-04-03 07:04:06 INFO  ComputersPage:66 - Select All check box is checked...
2023-04-03 07:04:89 INFO  ComputersPage:71 - doing mouse over on.... Maintenance
2023-04-03 07:04:714 INFO  ComputersPage:79 - clicked on send Message option..
2023-04-03 07:04:10 INFO  ComputersPage:85 - clicked on send Message close icon..
2023-04-03 07:04:190 INFO  ComputersPage:91 - clicked on UserName drpdown
2023-04-03 07:04:302 INFO  ComputersPage:97 - clicked on Logout link
2023-04-03 07:04:311 INFO  WaitHelper:25 - waithelper object is creted...
2023-04-03 07:04:817 INFO  WaitHelper:126 - waiting for :[[ChromeDriver: chrome on WINDOWS (dcc92eb1bed638cc21fe3d1f4d772718)] -> xpath: //input[@id='btnlogin']] for :30 seconds
2023-04-03 07:04:984 INFO  WaitHelper:129 - element is visible now
2023-04-03 07:04:986 INFO  TestBase:146 - capturing ui navigation screen
2023-04-20 10:04:559 INFO  TestBase:114 - Initilize the driver  73351708
2023-04-20 10:04:625 INFO  WaitHelper:25 - waithelper object is creted...
2023-04-20 10:04:627 INFO  WaitHelper:29 - Implicit wait has been set to  :-30
2023-04-20 10:04:688 INFO  WaitHelper:114 - waiting for page to load for : SECONDS seconds
2023-04-20 10:04:751 INFO  WaitHelper:116 - page is loaded
2023-04-20 10:04:651 INFO  WaitHelper:25 - waithelper object is creted...
2023-04-20 10:04:930 INFO  WaitHelper:126 - waiting for :[[ChromeDriver: chrome on WINDOWS (094cb6137753eeaae1a5a3a8fedc42c3)] -> xpath: //input[@id='btnlogin']] for :30 seconds
2023-04-20 10:04:116 INFO  WaitHelper:129 - element is visible now
2023-04-20 10:04:117 INFO  TestBase:146 - capturing ui navigation screen
2023-04-20 10:04:626 INFO  LoginPage:46 - entering email address....
2023-04-20 10:04:286 INFO  LoginPage:52 - entering email password....
2023-04-20 10:04:229 INFO  LoginPage:59 - clicking on submit button....
2023-04-20 10:04:645 INFO  LoginPage:66 - Suceessfully logged in to application
2023-04-20 10:04:451 INFO  VerificationHelper:22 - Element is displayed...ALOHA CLOUD
2023-04-20 10:04:168 INFO  TestBase:114 - Initilize the driver  2129138446
2023-04-20 10:04:169 INFO  WaitHelper:25 - waithelper object is creted...
2023-04-20 10:04:173 INFO  WaitHelper:29 - Implicit wait has been set to  :-30
2023-04-20 10:04:205 INFO  WaitHelper:114 - waiting for page to load for : SECONDS seconds
2023-04-20 10:04:220 INFO  WaitHelper:116 - page is loaded
2023-04-20 10:04:983 INFO  WaitHelper:25 - waithelper object is creted...
2023-04-20 10:04:58 INFO  WaitHelper:126 - waiting for :[[ChromeDriver: chrome on WINDOWS (7521e285a51dfc33e827f11110aa4aba)] -> xpath: //input[@id='btnlogin']] for :30 seconds
2023-04-20 10:04:355 INFO  WaitHelper:129 - element is visible now
2023-04-20 10:04:356 INFO  TestBase:146 - capturing ui navigation screen
2023-04-20 10:04:113 INFO  LoginPage:46 - entering email address....
2023-04-20 10:04:663 INFO  LoginPage:52 - entering email password....
2023-04-20 10:04:527 INFO  LoginPage:59 - clicking on submit button....
2023-04-20 10:04:722 INFO  HomePage:45 - clicked on cloud agent button
2023-04-20 10:04:572 INFO  HomePage:51 - clicked on Download Now button
2023-04-20 10:04:748 INFO  TestBase:114 - Initilize the driver  327853004
2023-04-20 10:04:749 INFO  WaitHelper:25 - waithelper object is creted...
2023-04-20 10:04:750 INFO  WaitHelper:29 - Implicit wait has been set to  :-30
2023-04-20 10:04:767 INFO  WaitHelper:114 - waiting for page to load for : SECONDS seconds
2023-04-20 10:04:801 INFO  WaitHelper:116 - page is loaded
2023-04-20 10:04:388 INFO  WaitHelper:25 - waithelper object is creted...
2023-04-20 10:04:436 INFO  WaitHelper:126 - waiting for :[[ChromeDriver: chrome on WINDOWS (ac36c043e7276950e1aa70bb3df8d549)] -> xpath: //input[@id='btnlogin']] for :30 seconds
2023-04-20 10:04:611 INFO  WaitHelper:129 - element is visible now
2023-04-20 10:04:612 INFO  TestBase:146 - capturing ui navigation screen
2023-04-20 10:04:707 INFO  LoginPage:46 - entering email address....
2023-04-20 10:04:539 INFO  LoginPage:52 - entering email password....
2023-04-20 10:04:480 INFO  LoginPage:59 - clicking on submit button....
2023-05-08 14:05:787 INFO  TestBase:114 - Initilize the driver  1196404281
2023-05-08 14:05:839 INFO  WaitHelper:25 - waithelper object is creted...
2023-05-08 14:05:859 INFO  WaitHelper:29 - Implicit wait has been set to  :-30
2023-05-08 14:05:950 INFO  WaitHelper:114 - waiting for page to load for : SECONDS seconds
2023-05-08 14:05:987 INFO  WaitHelper:116 - page is loaded
2023-05-08 14:05:43 INFO  WaitHelper:25 - waithelper object is creted...
2023-05-08 14:05:246 INFO  WaitHelper:126 - waiting for :[[ChromeDriver: chrome on WINDOWS (c89232638aa1ce7141df50652f78934a)] -> xpath: //input[@id='btnlogin']] for :30 seconds
2023-05-08 14:05:677 INFO  WaitHelper:129 - element is visible now
2023-05-08 14:05:679 INFO  TestBase:146 - capturing ui navigation screen
2023-05-08 14:05:53 INFO  LoginPage:46 - entering email address....
2023-05-08 14:05:649 INFO  LoginPage:52 - entering email password....
2023-05-08 14:05:103 INFO  LoginPage:59 - clicking on submit button....
2023-05-08 14:05:311 INFO  LoginPage:66 - Suceessfully logged in to application
2023-05-08 14:05:732 INFO  VerificationHelper:22 - Element is displayed...ALOHA CLOUD
2023-05-08 14:05:92 INFO  TestBase:114 - Initilize the driver  1130656047
2023-05-08 14:05:93 INFO  WaitHelper:25 - waithelper object is creted...
2023-05-08 14:05:102 INFO  WaitHelper:29 - Implicit wait has been set to  :-30
2023-05-08 14:05:301 INFO  WaitHelper:114 - waiting for page to load for : SECONDS seconds
2023-05-08 14:05:414 INFO  WaitHelper:116 - page is loaded
2023-05-08 14:05:05 INFO  WaitHelper:25 - waithelper object is creted...
2023-05-08 14:05:67 INFO  WaitHelper:126 - waiting for :[[ChromeDriver: chrome on WINDOWS (c3d18c87431cb4fe3b94dd43dbe91951)] -> xpath: //input[@id='btnlogin']] for :30 seconds
2023-05-08 14:05:203 INFO  WaitHelper:129 - element is visible now
2023-05-08 14:05:203 INFO  TestBase:146 - capturing ui navigation screen
2023-05-08 14:05:878 INFO  LoginPage:46 - entering email address....
2023-05-08 14:05:661 INFO  LoginPage:52 - entering email password....
2023-05-08 14:05:238 INFO  LoginPage:59 - clicking on submit button....
2023-05-08 14:05:161 INFO  HomePage:45 - clicked on cloud agent button
2023-05-08 14:05:738 INFO  HomePage:51 - clicked on Download Now button
2023-05-08 14:05:516 INFO  TestBase:114 - Initilize the driver  526874139
2023-05-08 14:05:518 INFO  WaitHelper:25 - waithelper object is creted...
2023-05-08 14:05:519 INFO  WaitHelper:29 - Implicit wait has been set to  :-30
2023-05-08 14:05:666 INFO  WaitHelper:114 - waiting for page to load for : SECONDS seconds
2023-05-08 14:05:687 INFO  WaitHelper:116 - page is loaded
2023-05-08 14:05:314 INFO  TestBase:114 - Initilize the driver  1501513951
2023-05-08 14:05:336 INFO  WaitHelper:25 - waithelper object is creted...
2023-05-08 14:05:339 INFO  WaitHelper:29 - Implicit wait has been set to  :-30
2023-05-08 14:05:367 INFO  WaitHelper:114 - waiting for page to load for : SECONDS seconds
2023-05-08 14:05:383 INFO  WaitHelper:116 - page is loaded
2023-05-08 14:05:852 INFO  WaitHelper:25 - waithelper object is creted...
2023-05-08 14:05:920 INFO  WaitHelper:126 - waiting for :[[ChromeDriver: chrome on WINDOWS (e0982c8ba82341fa31569a911f091a65)] -> xpath: //input[@id='btnlogin']] for :30 seconds
2023-05-08 14:05:183 INFO  WaitHelper:129 - element is visible now
2023-05-08 14:05:185 INFO  TestBase:146 - capturing ui navigation screen
2023-05-08 14:05:522 INFO  LoginPage:46 - entering email address....
2023-05-08 14:05:990 INFO  LoginPage:52 - entering email password....
2023-05-08 14:05:346 INFO  LoginPage:59 - clicking on submit button....
2023-05-08 14:05:144 INFO  LoginPage:66 - Suceessfully logged in to application
2023-05-08 14:05:103 INFO  VerificationHelper:22 - Element is displayed...ALOHA CLOUD
2023-05-08 14:05:385 INFO  TestBase:114 - Initilize the driver  1552133633
2023-05-08 14:05:386 INFO  WaitHelper:25 - waithelper object is creted...
2023-05-08 14:05:390 INFO  WaitHelper:29 - Implicit wait has been set to  :-30
2023-05-08 14:05:416 INFO  WaitHelper:114 - waiting for page to load for : SECONDS seconds
2023-05-08 14:05:459 INFO  WaitHelper:116 - page is loaded
2023-05-08 14:05:680 INFO  WaitHelper:25 - waithelper object is creted...
2023-05-08 14:05:707 INFO  WaitHelper:126 - waiting for :[[ChromeDriver: chrome on WINDOWS (1a8bde6cb216346f041e391991bfd16f)] -> xpath: //input[@id='btnlogin']] for :30 seconds
2023-05-08 14:05:182 INFO  WaitHelper:129 - element is visible now
2023-05-08 14:05:184 INFO  TestBase:146 - capturing ui navigation screen
2023-05-08 14:05:945 INFO  LoginPage:46 - entering email address....
2023-05-08 14:05:363 INFO  LoginPage:52 - entering email password....
2023-05-08 14:05:967 INFO  LoginPage:59 - clicking on submit button....
2023-05-08 14:05:990 INFO  HomePage:45 - clicked on cloud agent button
2023-05-08 14:05:784 INFO  HomePage:51 - clicked on Download Now button
2023-05-08 14:05:460 INFO  TestBase:114 - Initilize the driver  324008184
2023-05-08 14:05:460 INFO  WaitHelper:25 - waithelper object is creted...
2023-05-08 14:05:462 INFO  WaitHelper:29 - Implicit wait has been set to  :-30
2023-05-08 14:05:481 INFO  WaitHelper:114 - waiting for page to load for : SECONDS seconds
2023-05-08 14:05:497 INFO  WaitHelper:116 - page is loaded
2023-05-08 14:05:307 INFO  WaitHelper:25 - waithelper object is creted...
2023-05-08 14:05:475 INFO  WaitHelper:126 - waiting for :[[ChromeDriver: chrome on WINDOWS (4ac23ecb396a3e2d0d2777f5a6a60c14)] -> xpath: //input[@id='btnlogin']] for :30 seconds
2023-05-08 14:05:777 INFO  WaitHelper:129 - element is visible now
2023-05-08 14:05:778 INFO  TestBase:146 - capturing ui navigation screen
2023-05-08 14:05:679 INFO  LoginPage:46 - entering email address....
2023-05-08 14:05:282 INFO  LoginPage:52 - entering email password....
2023-05-08 14:05:631 INFO  LoginPage:59 - clicking on submit button....
2023-05-08 14:05:885 INFO  ComputersPage:59 - Clicked on Computer Menu...
2023-05-08 14:05:350 INFO  ComputersPage:66 - Select All check box is checked...
2023-05-08 14:05:524 INFO  ComputersPage:71 - doing mouse over on.... Maintenance
2023-05-08 14:05:257 INFO  ComputersPage:79 - clicked on send Message option..
2023-05-08 14:05:614 INFO  ComputersPage:85 - clicked on send Message close icon..
2023-05-08 14:05:891 INFO  ComputersPage:91 - clicked on UserName drpdown
2023-05-08 14:05:826 INFO  ComputersPage:97 - clicked on Logout link
2023-05-08 14:05:832 INFO  WaitHelper:25 - waithelper object is creted...
2023-05-08 14:05:907 INFO  WaitHelper:126 - waiting for :[[ChromeDriver: chrome on WINDOWS (4ac23ecb396a3e2d0d2777f5a6a60c14)] -> xpath: //input[@id='btnlogin']] for :30 seconds
2023-05-08 14:05:32 INFO  WaitHelper:129 - element is visible now
2023-05-08 14:05:33 INFO  TestBase:146 - capturing ui navigation screen
